<?xml version="1.0" encoding="UTF-8"?>
<!-- Generated by org.testng.reporters.JUnitXMLReporter -->
<testsuite hostname="DESKTOP-5ARAU77" ignored="1" name="FlipboardCopyTest11" tests="1" failures="0" timestamp="2021-12-14T12:30:39 IST" time="25.004" errors="0">
  <testcase name="testcase1" time="24.901" classname="testcases.FlipBoardCopyTest"/>
  <testcase name="testcase2" time="0.0" classname="testcases.FlipBoardCopyTest">
    <ignored/>
  </testcase> <!-- testcase2 -->
</testsuite> <!-- FlipboardCopyTest11 -->
