<?xml version="1.0" encoding="UTF-8"?>
<!-- Generated by org.testng.reporters.JUnitXMLReporter -->
<testsuite hostname="DESKTOP-5ARAU77" ignored="3" name="regression test" tests="2" failures="1" timestamp="2021-10-12T12:49:44 IST" time="29.768" errors="0">
  <testcase name="SimpleLogin" time="18.082" classname="testcases.LoginTest"/>
  <testcase name="testDashboard" time="10.117" classname="testcases.DashboardTest">
    <failure type="org.openqa.selenium.NoSuchElementException" message="An element could not be located on the page using the given search parameters.
For documentation on this error, please visit: https://www.seleniumhq.org/exceptions/no_such_element.html
Build info: version: &amp;apos;3.141.59&amp;apos;, revision: &amp;apos;e82be7d358&amp;apos;, time: &amp;apos;2018-11-14T08:17:03&amp;apos;
System info: host: &amp;apos;DESKTOP-5ARAU77&amp;apos;, ip: &amp;apos;10.81.234.37&amp;apos;, os.name: &amp;apos;Windows 10&amp;apos;, os.arch: &amp;apos;amd64&amp;apos;, os.version: &amp;apos;10.0&amp;apos;, java.version: &amp;apos;1.8.0_281&amp;apos;
Driver info: io.appium.java_client.android.AndroidDriver
Capabilities {app: C:\Users\DELL\eclipse-works..., appPackage: kmg.android.mat, automationName: UiAutomator2, chromeOptions: {w3c: false}, databaseEnabled: false, desired: {app: C:\Users\DELL\eclipse-works..., automationName: UiAutomator2, chromeOptions: {w3c: false}, deviceName: android, platformName: android}, deviceApiLevel: 29, deviceManufacturer: samsung, deviceModel: SM-M405F, deviceName: RZ8M80YTBXZ, deviceScreenDensity: 420, deviceScreenSize: 1080x2340, deviceUDID: RZ8M80YTBXZ, javascriptEnabled: true, locationContextEnabled: false, networkConnectionEnabled: true, pixelRatio: 2.625, platform: LINUX, platformName: Android, platformVersion: 10, statBarHeight: 112, takesScreenshot: true, viewportRect: {height: 1991, left: 0, top: 112, width: 1080}, warnings: {}, webStorageEnabled: false}
Session ID: 62647ab8-6ac5-4c55-a753-0f30b8e080c1
*** Element info: {Using=id, value=kmg.android.mat:id/imgSliderMenuIcon}">
      <![CDATA[org.openqa.selenium.NoSuchElementException: An element could not be located on the page using the given search parameters.
For documentation on this error, please visit: https://www.seleniumhq.org/exceptions/no_such_element.html
Build info: version: '3.141.59', revision: 'e82be7d358', time: '2018-11-14T08:17:03'
System info: host: 'DESKTOP-5ARAU77', ip: '10.81.234.37', os.name: 'Windows 10', os.arch: 'amd64', os.version: '10.0', java.version: '1.8.0_281'
Driver info: io.appium.java_client.android.AndroidDriver
Capabilities {app: C:\Users\DELL\eclipse-works..., appPackage: kmg.android.mat, automationName: UiAutomator2, chromeOptions: {w3c: false}, databaseEnabled: false, desired: {app: C:\Users\DELL\eclipse-works..., automationName: UiAutomator2, chromeOptions: {w3c: false}, deviceName: android, platformName: android}, deviceApiLevel: 29, deviceManufacturer: samsung, deviceModel: SM-M405F, deviceName: RZ8M80YTBXZ, deviceScreenDensity: 420, deviceScreenSize: 1080x2340, deviceUDID: RZ8M80YTBXZ, javascriptEnabled: true, locationContextEnabled: false, networkConnectionEnabled: true, pixelRatio: 2.625, platform: LINUX, platformName: Android, platformVersion: 10, statBarHeight: 112, takesScreenshot: true, viewportRect: {height: 1991, left: 0, top: 112, width: 1080}, warnings: {}, webStorageEnabled: false}
Session ID: 62647ab8-6ac5-4c55-a753-0f30b8e080c1
*** Element info: {Using=id, value=kmg.android.mat:id/imgSliderMenuIcon}
at org.openqa.selenium.remote.http.W3CHttpResponseCodec.createException(W3CHttpResponseCodec.java:187)
at org.openqa.selenium.remote.http.W3CHttpResponseCodec.decode(W3CHttpResponseCodec.java:122)
at org.openqa.selenium.remote.http.W3CHttpResponseCodec.decode(W3CHttpResponseCodec.java:49)
at org.openqa.selenium.remote.HttpCommandExecutor.execute(HttpCommandExecutor.java:158)
at io.appium.java_client.remote.AppiumCommandExecutor.execute(AppiumCommandExecutor.java:239)
at org.openqa.selenium.remote.RemoteWebDriver.execute(RemoteWebDriver.java:552)
at io.appium.java_client.DefaultGenericMobileDriver.execute(DefaultGenericMobileDriver.java:41)
at io.appium.java_client.AppiumDriver.execute(AppiumDriver.java:1)
at io.appium.java_client.android.AndroidDriver.execute(AndroidDriver.java:1)
at org.openqa.selenium.remote.RemoteWebDriver.findElement(RemoteWebDriver.java:323)
at io.appium.java_client.DefaultGenericMobileDriver.findElement(DefaultGenericMobileDriver.java:61)
at io.appium.java_client.AppiumDriver.findElement(AppiumDriver.java:1)
at io.appium.java_client.android.AndroidDriver.findElement(AndroidDriver.java:1)
at org.openqa.selenium.remote.RemoteWebDriver.findElementById(RemoteWebDriver.java:372)
at io.appium.java_client.DefaultGenericMobileDriver.findElementById(DefaultGenericMobileDriver.java:69)
at io.appium.java_client.AppiumDriver.findElementById(AppiumDriver.java:1)
at io.appium.java_client.android.AndroidDriver.findElementById(AndroidDriver.java:1)
at org.openqa.selenium.By$ById.findElement(By.java:188)
at org.openqa.selenium.remote.RemoteWebDriver.findElement(RemoteWebDriver.java:315)
at io.appium.java_client.DefaultGenericMobileDriver.findElement(DefaultGenericMobileDriver.java:57)
at io.appium.java_client.AppiumDriver.findElement(AppiumDriver.java:1)
at io.appium.java_client.android.AndroidDriver.findElement(AndroidDriver.java:1)
at org.openqa.selenium.support.pagefactory.DefaultElementLocator.findElement(DefaultElementLocator.java:69)
at org.openqa.selenium.support.pagefactory.internal.LocatingElementHandler.invoke(LocatingElementHandler.java:38)
at com.sun.proxy.$Proxy10.click(Unknown Source)
at allPages.DashboardPage.ClickMatIcon(DashboardPage.java:97)
at testcases.DashboardTest.testDashboard(DashboardTest.java:28)
at java.util.ArrayList.forEach(ArrayList.java:1259)
... Removed 31 stack frames]]>
    </failure>
  </testcase> <!-- testDashboard -->
  <testcase name="@AfterSuite saveReport" time="0.0" classname="utilities.BaseClass">
    <ignored/>
  </testcase> <!-- @AfterSuite saveReport -->
  <testcase name="@AfterSuite stopServer" time="0.0" classname="utilities.BaseClass">
    <ignored/>
  </testcase> <!-- @AfterSuite stopServer -->
  <testcase name="@BeforeSuite generateHTMLReport" time="0.0" classname="utilities.BaseClass">
    <ignored/>
  </testcase> <!-- @BeforeSuite generateHTMLReport -->
</testsuite> <!-- regression test -->
